<?xml version="1.0" encoding="UTF-8"?>
<!-- Generated by org.testng.reporters.JUnitReportReporter -->
<testsuite skipped="0" hostname="DESKTOP-T7SG8HK" name="demoGit.DemoCreateOrgTest" tests="1" failures="0" timestamp="2022-03-15T13:22:45 IST" time="0.015" errors="0">
  <testcase name="demoCreateOrgTest" time="0.015" classname="demoGit.DemoCreateOrgTest"/>
  <system-out/>
</testsuite> <!-- demoGit.DemoCreateOrgTest -->
